<?xml version="1.0" encoding="UTF-8"?>
<!-- Generated by org.testng.reporters.JUnitReportReporter -->
<testsuite hostname="ZCHD-CQR-ADITYA-KUMAR-GARG" failures="0" tests="5" name="test.SampleProj.testCases" time="2.582" errors="1" timestamp="27 May 2022 10:14:50 GMT" skipped="0">
  <testcase classname="test.SampleProj.testCases" name="testFetchUser" time="0.226"/>
  <testcase classname="test.SampleProj.testCases" name="ListSingleUser" time="1.377"/>
  <testcase classname="test.SampleProj.testCases" name="testCreateUser" time="0.002">
    <error message="Cannot invoke &quot;String.trim()&quot; because &quot;description&quot; is null" type="java.lang.NullPointerException">
      <![CDATA[java.lang.NullPointerException: Cannot invoke "String.trim()" because "description" is null
at com.relevantcodes.extentreports.ExtentTest.<init>(ExtentTest.java:66)
at com.relevantcodes.extentreports.ExtentReports.startTest(ExtentReports.java:791)
at test.SampleProj.ExtentReportManager.startTest(ExtentReportManager.java:19)
at test.SampleProj.TestListener.onTestStart(TestListener.java:13)
at org.testng.internal.TestListenerHelper.runTestListeners(TestListenerHelper.java:73)
at org.testng.internal.Invoker.runTestListeners(Invoker.java:1389)
at org.testng.internal.Invoker.invokeMethod(Invoker.java:559)
at org.testng.internal.Invoker.invokeTestMethod(Invoker.java:719)
at org.testng.internal.Invoker.invokeTestMethods(Invoker.java:989)
at org.testng.internal.TestMethodWorker.invokeTestMethods(TestMethodWorker.java:125)
at org.testng.internal.TestMethodWorker.run(TestMethodWorker.java:109)
at org.testng.TestRunner.privateRun(TestRunner.java:648)
at org.testng.TestRunner.run(TestRunner.java:505)
at org.testng.SuiteRunner.runTest(SuiteRunner.java:455)
at org.testng.SuiteRunner.runSequentially(SuiteRunner.java:450)
at org.testng.SuiteRunner.privateRun(SuiteRunner.java:415)
at org.testng.SuiteRunner.run(SuiteRunner.java:364)
at org.testng.SuiteRunnerWorker.runSuite(SuiteRunnerWorker.java:52)
at org.testng.SuiteRunnerWorker.run(SuiteRunnerWorker.java:84)
at org.testng.TestNG.runSuitesSequentially(TestNG.java:1208)
at org.testng.TestNG.runSuitesLocally(TestNG.java:1137)
at org.testng.TestNG.runSuites(TestNG.java:1049)
at org.testng.TestNG.run(TestNG.java:1017)
at org.testng.remote.AbstractRemoteTestNG.run(AbstractRemoteTestNG.java:115)
at org.testng.remote.RemoteTestNG.initAndRun(RemoteTestNG.java:251)
at org.testng.remote.RemoteTestNG.main(RemoteTestNG.java:77)
]]>
    </error>
  </testcase> <!-- testCreateUser -->
  <testcase classname="test.SampleProj.testCases" name="testRegisterUser" time="0.779"/>
  <testcase classname="test.SampleProj.testCases" name="testUserDetail" time="0.198"/>
</testsuite> <!-- test.SampleProj.testCases -->
